2022-10-08 21:28:18,248:INFO:PyCaret Supervised Module
2022-10-08 21:28:18,248:INFO:ML Usecase: classification
2022-10-08 21:28:18,248:INFO:version 2.2.2
2022-10-08 21:28:18,249:INFO:Initializing setup()
2022-10-08 21:28:18,249:INFO:setup(target=Drug, ml_usecase=classification, available_plots={'parameter': 'Hyperparameters', 'auc': 'AUC', 'confusion_matrix': 'Confusion Matrix', 'threshold': 'Threshold', 'pr': 'Precision Recall', 'error': 'Prediction Error', 'class_report': 'Class Report', 'rfe': 'Feature Selection', 'learning': 'Learning Curve', 'manifold': 'Manifold Learning', 'calibration': 'Calibration Curve', 'vc': 'Validation Curve', 'dimension': 'Dimensions', 'feature': 'Feature Importance', 'feature_all': 'Feature Importance (All)', 'boundary': 'Decision Boundary', 'lift': 'Lift Chart', 'gain': 'Gain Chart', 'tree': 'Decision Tree'}, train_size=0.7, test_data=None, preprocess=True, imputation_type=simple, iterative_imputation_iters=5, categorical_features=None, categorical_imputation=constant, categorical_iterative_imputer=lightgbm, ordinal_features=None, high_cardinality_features=None, high_cardinality_method=frequency, numeric_features=None, numeric_imputation=mean, numeric_iterative_imputer=lightgbm, date_features=None, ignore_features=None, normalize=True, normalize_method=zscore, transformation=False, transformation_method=yeo-johnson, handle_unknown_categorical=True, unknown_categorical_method=least_frequent, pca=False, pca_method=linear, pca_components=None, ignore_low_variance=False, combine_rare_levels=False, rare_level_threshold=0.1, bin_numeric_features=None, remove_outliers=False, outliers_threshold=0.05, remove_multicollinearity=False, multicollinearity_threshold=0.9, remove_perfect_collinearity=True, create_clusters=False, cluster_iter=20, polynomial_features=False, polynomial_degree=2, trigonometry_features=False, polynomial_threshold=0.1, group_features=None, group_names=None, feature_selection=False, feature_selection_threshold=0.8, feature_selection_method=classic, feature_interaction=False, feature_ratio=False, interaction_threshold=0.01, fix_imbalance=False, fix_imbalance_method=None, transform_target=False, transform_target_method=box-cox, data_split_shuffle=True, data_split_stratify=False, fold_strategy=stratifiedkfold, fold=10, fold_shuffle=False, fold_groups=None, n_jobs=-1, use_gpu=False, custom_pipeline=None, html=True, session_id=1229, log_experiment=False, experiment_name=None, log_plots=False, log_profile=False, log_data=False, silent=False, verbose=True, profile=False, profile_kwargs=None, display=None)
2022-10-08 21:28:18,249:INFO:Checking environment
2022-10-08 21:28:18,249:INFO:python_version: 3.9.12
2022-10-08 21:28:18,249:INFO:python_build: ('main', 'Apr  4 2022 05:22:27')
2022-10-08 21:28:18,249:INFO:machine: AMD64
2022-10-08 21:28:18,249:INFO:platform: Windows-10-10.0.19044-SP0
2022-10-08 21:28:18,249:INFO:Memory: svmem(total=16959000576, available=9744519168, percent=42.5, used=7214481408, free=9744519168)
2022-10-08 21:28:18,249:INFO:Physical Core: 4
2022-10-08 21:28:18,249:INFO:Logical Core: 8
2022-10-08 21:28:18,249:INFO:Checking libraries
2022-10-08 21:28:18,249:INFO:pd==1.4.2
2022-10-08 21:28:18,249:INFO:numpy==1.21.5
2022-10-08 21:28:18,250:INFO:sklearn==1.1.2
2022-10-08 21:28:18,418:INFO:xgboost==1.6.1
2022-10-08 21:28:18,418:INFO:lightgbm==3.3.2
2022-10-08 21:28:18,873:INFO:catboost==1.0.6
2022-10-08 21:28:19,744:INFO:mlflow==1.28.0
2022-10-08 21:28:19,744:INFO:Checking Exceptions
2022-10-08 21:28:19,744:INFO:Declaring global variables
2022-10-08 21:28:19,744:INFO:USI: 4f1b
2022-10-08 21:28:19,744:INFO:pycaret_globals: {'logging_param', 'stratify_param', 'experiment__', 'X_test', '_available_plots', 'transform_target_param', 'html_param', '_all_models', 'fix_imbalance_method_param', 'exp_name_log', '_gpu_n_jobs_param', 'fix_imbalance_param', 'fold_param', 'gpu_param', 'transform_target_method_param', 'X', 'fold_generator', 'prep_pipe', 'imputation_regressor', 'X_train', 'create_model_container', 'fold_shuffle_param', 'target_param', 'n_jobs_param', '_all_models_internal', 'data_before_preprocess', 'iterative_imputation_iters_param', 'display_container', '_all_metrics', 'master_model_container', 'USI', 'log_plots_param', 'seed', 'y_test', 'pycaret_globals', '_internal_pipeline', 'y', 'imputation_classifier', 'fold_groups_param', '_ml_usecase', 'y_train'}
2022-10-08 21:28:19,744:INFO:Preparing display monitor
2022-10-08 21:28:19,744:INFO:Preparing display monitor
2022-10-08 21:28:19,754:INFO:Importing libraries
2022-10-08 21:28:19,754:INFO:Copying data for preprocessing
2022-10-08 21:28:19,760:INFO:Declaring preprocessing parameters
2022-10-08 21:28:19,761:INFO:Creating preprocessing pipeline
2022-10-08 21:28:19,765:INFO:Preprocessing pipeline created successfully
2022-10-08 21:28:19,765:ERROR:(Process Exit): setup has been interupted with user command 'quit'. setup must rerun.
2022-10-08 21:28:19,765:INFO:Creating global containers
2022-10-08 21:32:08,224:INFO:Initializing compare_models()
2022-10-08 21:32:08,224:INFO:compare_models(include=None, fold=None, round=4, cross_validation=True, sort=AUC, n_select=1, budget_time=None, turbo=True, errors=ignore, fit_kwargs=None, groups=None, verbose=True, display=None, exclude=None)
2022-10-08 21:32:08,224:INFO:Checking exceptions
2022-10-08 21:33:42,352:INFO:PyCaret Supervised Module
2022-10-08 21:33:42,353:INFO:ML Usecase: classification
2022-10-08 21:33:42,353:INFO:version 2.2.2
2022-10-08 21:33:42,353:INFO:Initializing setup()
2022-10-08 21:33:42,353:INFO:setup(target=Drug, ml_usecase=classification, available_plots={'parameter': 'Hyperparameters', 'auc': 'AUC', 'confusion_matrix': 'Confusion Matrix', 'threshold': 'Threshold', 'pr': 'Precision Recall', 'error': 'Prediction Error', 'class_report': 'Class Report', 'rfe': 'Feature Selection', 'learning': 'Learning Curve', 'manifold': 'Manifold Learning', 'calibration': 'Calibration Curve', 'vc': 'Validation Curve', 'dimension': 'Dimensions', 'feature': 'Feature Importance', 'feature_all': 'Feature Importance (All)', 'boundary': 'Decision Boundary', 'lift': 'Lift Chart', 'gain': 'Gain Chart', 'tree': 'Decision Tree'}, train_size=0.7, test_data=None, preprocess=True, imputation_type=simple, iterative_imputation_iters=5, categorical_features=None, categorical_imputation=constant, categorical_iterative_imputer=lightgbm, ordinal_features=None, high_cardinality_features=None, high_cardinality_method=frequency, numeric_features=None, numeric_imputation=mean, numeric_iterative_imputer=lightgbm, date_features=None, ignore_features=None, normalize=True, normalize_method=zscore, transformation=False, transformation_method=yeo-johnson, handle_unknown_categorical=True, unknown_categorical_method=least_frequent, pca=False, pca_method=linear, pca_components=None, ignore_low_variance=False, combine_rare_levels=False, rare_level_threshold=0.1, bin_numeric_features=None, remove_outliers=False, outliers_threshold=0.05, remove_multicollinearity=False, multicollinearity_threshold=0.9, remove_perfect_collinearity=True, create_clusters=False, cluster_iter=20, polynomial_features=False, polynomial_degree=2, trigonometry_features=False, polynomial_threshold=0.1, group_features=None, group_names=None, feature_selection=False, feature_selection_threshold=0.8, feature_selection_method=classic, feature_interaction=False, feature_ratio=False, interaction_threshold=0.01, fix_imbalance=False, fix_imbalance_method=None, transform_target=False, transform_target_method=box-cox, data_split_shuffle=True, data_split_stratify=False, fold_strategy=stratifiedkfold, fold=10, fold_shuffle=False, fold_groups=None, n_jobs=-1, use_gpu=False, custom_pipeline=None, html=True, session_id=1229, log_experiment=False, experiment_name=None, log_plots=False, log_profile=False, log_data=False, silent=False, verbose=True, profile=False, profile_kwargs=None, display=None)
2022-10-08 21:33:42,354:INFO:Checking environment
2022-10-08 21:33:42,354:INFO:python_version: 3.9.12
2022-10-08 21:33:42,354:INFO:python_build: ('main', 'Apr  4 2022 05:22:27')
2022-10-08 21:33:42,354:INFO:machine: AMD64
2022-10-08 21:33:42,354:INFO:platform: Windows-10-10.0.19044-SP0
2022-10-08 21:33:42,354:INFO:Memory: svmem(total=16959000576, available=9439637504, percent=44.3, used=7519363072, free=9439637504)
2022-10-08 21:33:42,354:INFO:Physical Core: 4
2022-10-08 21:33:42,354:INFO:Logical Core: 8
2022-10-08 21:33:42,354:INFO:Checking libraries
2022-10-08 21:33:42,354:INFO:pd==1.4.2
2022-10-08 21:33:42,354:INFO:numpy==1.21.5
2022-10-08 21:33:42,354:INFO:sklearn==1.1.2
2022-10-08 21:33:42,462:INFO:xgboost==1.6.1
2022-10-08 21:33:42,462:INFO:lightgbm==3.3.2
2022-10-08 21:33:42,481:INFO:catboost==1.0.6
2022-10-08 21:33:43,172:INFO:mlflow==1.28.0
2022-10-08 21:33:43,172:INFO:Checking Exceptions
2022-10-08 21:33:43,172:INFO:Declaring global variables
2022-10-08 21:33:43,172:INFO:USI: 1f2e
2022-10-08 21:33:43,172:INFO:pycaret_globals: {'master_model_container', 'imputation_regressor', 'y_test', 'imputation_classifier', 'stratify_param', 'y', 'y_train', 'fold_groups_param', 'fix_imbalance_param', 'target_param', '_all_metrics', 'X_test', 'fix_imbalance_method_param', 'X', 'pycaret_globals', '_available_plots', '_ml_usecase', 'fold_generator', '_gpu_n_jobs_param', 'logging_param', 'log_plots_param', 'seed', 'prep_pipe', 'gpu_param', 'X_train', '_all_models', 'data_before_preprocess', 'create_model_container', 'fold_shuffle_param', '_all_models_internal', 'n_jobs_param', 'experiment__', 'USI', 'display_container', 'html_param', 'iterative_imputation_iters_param', '_internal_pipeline', 'transform_target_method_param', 'transform_target_param', 'exp_name_log', 'fold_param'}
2022-10-08 21:33:43,172:INFO:Preparing display monitor
2022-10-08 21:33:43,172:INFO:Preparing display monitor
2022-10-08 21:33:43,184:INFO:Importing libraries
2022-10-08 21:33:43,184:INFO:Copying data for preprocessing
2022-10-08 21:33:43,190:INFO:Declaring preprocessing parameters
2022-10-08 21:33:43,191:INFO:Creating preprocessing pipeline
2022-10-08 21:33:43,192:INFO:Preprocessing pipeline created successfully
2022-10-08 21:33:43,193:ERROR:(Process Exit): setup has been interupted with user command 'quit'. setup must rerun.
2022-10-08 21:33:43,193:INFO:Creating global containers
2022-10-10 16:33:48,408:INFO:PyCaret Supervised Module
2022-10-10 16:33:48,409:INFO:ML Usecase: classification
2022-10-10 16:33:48,409:INFO:version 2.2.2
2022-10-10 16:33:48,409:INFO:Initializing setup()
2022-10-10 16:33:48,409:INFO:setup(target=Drug, ml_usecase=classification, available_plots={'parameter': 'Hyperparameters', 'auc': 'AUC', 'confusion_matrix': 'Confusion Matrix', 'threshold': 'Threshold', 'pr': 'Precision Recall', 'error': 'Prediction Error', 'class_report': 'Class Report', 'rfe': 'Feature Selection', 'learning': 'Learning Curve', 'manifold': 'Manifold Learning', 'calibration': 'Calibration Curve', 'vc': 'Validation Curve', 'dimension': 'Dimensions', 'feature': 'Feature Importance', 'feature_all': 'Feature Importance (All)', 'boundary': 'Decision Boundary', 'lift': 'Lift Chart', 'gain': 'Gain Chart', 'tree': 'Decision Tree'}, train_size=0.7, test_data=None, preprocess=True, imputation_type=simple, iterative_imputation_iters=5, categorical_features=None, categorical_imputation=constant, categorical_iterative_imputer=lightgbm, ordinal_features=None, high_cardinality_features=None, high_cardinality_method=frequency, numeric_features=None, numeric_imputation=mean, numeric_iterative_imputer=lightgbm, date_features=None, ignore_features=None, normalize=True, normalize_method=zscore, transformation=False, transformation_method=yeo-johnson, handle_unknown_categorical=True, unknown_categorical_method=least_frequent, pca=False, pca_method=linear, pca_components=None, ignore_low_variance=False, combine_rare_levels=False, rare_level_threshold=0.1, bin_numeric_features=None, remove_outliers=False, outliers_threshold=0.05, remove_multicollinearity=False, multicollinearity_threshold=0.9, remove_perfect_collinearity=True, create_clusters=False, cluster_iter=20, polynomial_features=False, polynomial_degree=2, trigonometry_features=False, polynomial_threshold=0.1, group_features=None, group_names=None, feature_selection=False, feature_selection_threshold=0.8, feature_selection_method=classic, feature_interaction=False, feature_ratio=False, interaction_threshold=0.01, fix_imbalance=False, fix_imbalance_method=None, transform_target=False, transform_target_method=box-cox, data_split_shuffle=True, data_split_stratify=False, fold_strategy=stratifiedkfold, fold=10, fold_shuffle=False, fold_groups=None, n_jobs=-1, use_gpu=False, custom_pipeline=None, html=True, session_id=1229, log_experiment=False, experiment_name=None, log_plots=False, log_profile=False, log_data=False, silent=False, verbose=True, profile=False, profile_kwargs=None, display=None)
2022-10-10 16:33:48,409:INFO:Checking environment
2022-10-10 16:33:48,409:INFO:python_version: 3.9.12
2022-10-10 16:33:48,409:INFO:python_build: ('main', 'Apr  4 2022 05:22:27')
2022-10-10 16:33:48,409:INFO:machine: AMD64
2022-10-10 16:33:48,409:INFO:platform: Windows-10-10.0.19044-SP0
2022-10-10 16:33:48,409:INFO:Memory: svmem(total=16959000576, available=8577937408, percent=49.4, used=8381063168, free=8577937408)
2022-10-10 16:33:48,409:INFO:Physical Core: 4
2022-10-10 16:33:48,409:INFO:Logical Core: 8
2022-10-10 16:33:48,410:INFO:Checking libraries
2022-10-10 16:33:48,410:INFO:pd==1.4.2
2022-10-10 16:33:48,410:INFO:numpy==1.21.5
2022-10-10 16:33:48,410:INFO:sklearn==1.1.2
2022-10-10 16:33:48,581:INFO:xgboost==1.6.1
2022-10-10 16:33:48,581:INFO:lightgbm==3.3.2
2022-10-10 16:33:49,026:INFO:catboost==1.0.6
2022-10-10 16:33:49,918:INFO:mlflow==1.28.0
2022-10-10 16:33:49,918:INFO:Checking Exceptions
2022-10-10 16:33:49,918:INFO:Declaring global variables
2022-10-10 16:33:49,918:INFO:USI: eaa9
2022-10-10 16:33:49,918:INFO:pycaret_globals: {'target_param', '_available_plots', 'y_test', '_all_models', '_internal_pipeline', 'log_plots_param', '_all_models_internal', 'exp_name_log', 'imputation_regressor', 'fix_imbalance_method_param', 'fold_groups_param', 'X', 'USI', 'html_param', 'stratify_param', 'create_model_container', 'n_jobs_param', 'display_container', 'pycaret_globals', 'X_train', 'gpu_param', 'experiment__', 'transform_target_param', 'fold_shuffle_param', 'y_train', 'logging_param', '_all_metrics', 'seed', 'fold_param', 'fold_generator', 'prep_pipe', 'master_model_container', '_gpu_n_jobs_param', 'fix_imbalance_param', '_ml_usecase', 'y', 'X_test', 'data_before_preprocess', 'iterative_imputation_iters_param', 'transform_target_method_param', 'imputation_classifier'}
2022-10-10 16:33:49,918:INFO:Preparing display monitor
2022-10-10 16:33:49,918:INFO:Preparing display monitor
2022-10-10 16:33:49,927:INFO:Importing libraries
2022-10-10 16:33:49,927:INFO:Copying data for preprocessing
2022-10-10 16:33:49,932:INFO:Declaring preprocessing parameters
2022-10-10 16:33:49,933:INFO:Creating preprocessing pipeline
2022-10-10 16:33:49,937:INFO:Preprocessing pipeline created successfully
2022-10-10 16:33:49,937:ERROR:(Process Exit): setup has been interupted with user command 'quit'. setup must rerun.
2022-10-10 16:33:49,937:INFO:Creating global containers
2022-10-10 16:40:37,471:INFO:PyCaret Supervised Module
2022-10-10 16:40:37,471:INFO:ML Usecase: classification
2022-10-10 16:40:37,471:INFO:version 2.2.2
2022-10-10 16:40:37,472:INFO:Initializing setup()
2022-10-10 16:40:37,472:INFO:setup(target=Drug, ml_usecase=classification, available_plots={'parameter': 'Hyperparameters', 'auc': 'AUC', 'confusion_matrix': 'Confusion Matrix', 'threshold': 'Threshold', 'pr': 'Precision Recall', 'error': 'Prediction Error', 'class_report': 'Class Report', 'rfe': 'Feature Selection', 'learning': 'Learning Curve', 'manifold': 'Manifold Learning', 'calibration': 'Calibration Curve', 'vc': 'Validation Curve', 'dimension': 'Dimensions', 'feature': 'Feature Importance', 'feature_all': 'Feature Importance (All)', 'boundary': 'Decision Boundary', 'lift': 'Lift Chart', 'gain': 'Gain Chart', 'tree': 'Decision Tree'}, train_size=0.7, test_data=None, preprocess=True, imputation_type=simple, iterative_imputation_iters=5, categorical_features=None, categorical_imputation=constant, categorical_iterative_imputer=lightgbm, ordinal_features=None, high_cardinality_features=None, high_cardinality_method=frequency, numeric_features=None, numeric_imputation=mean, numeric_iterative_imputer=lightgbm, date_features=None, ignore_features=None, normalize=True, normalize_method=zscore, transformation=False, transformation_method=yeo-johnson, handle_unknown_categorical=True, unknown_categorical_method=least_frequent, pca=False, pca_method=linear, pca_components=None, ignore_low_variance=False, combine_rare_levels=False, rare_level_threshold=0.1, bin_numeric_features=None, remove_outliers=False, outliers_threshold=0.05, remove_multicollinearity=False, multicollinearity_threshold=0.9, remove_perfect_collinearity=True, create_clusters=False, cluster_iter=20, polynomial_features=False, polynomial_degree=2, trigonometry_features=False, polynomial_threshold=0.1, group_features=None, group_names=None, feature_selection=False, feature_selection_threshold=0.8, feature_selection_method=classic, feature_interaction=False, feature_ratio=False, interaction_threshold=0.01, fix_imbalance=False, fix_imbalance_method=None, transform_target=False, transform_target_method=box-cox, data_split_shuffle=True, data_split_stratify=False, fold_strategy=stratifiedkfold, fold=10, fold_shuffle=False, fold_groups=None, n_jobs=-1, use_gpu=False, custom_pipeline=None, html=True, session_id=1229, log_experiment=False, experiment_name=None, log_plots=False, log_profile=False, log_data=False, silent=False, verbose=True, profile=False, profile_kwargs=None, display=None)
2022-10-10 16:40:37,472:INFO:Checking environment
2022-10-10 16:40:37,472:INFO:python_version: 3.9.12
2022-10-10 16:40:37,472:INFO:python_build: ('main', 'Apr  4 2022 05:22:27')
2022-10-10 16:40:37,472:INFO:machine: AMD64
2022-10-10 16:40:37,472:INFO:platform: Windows-10-10.0.19044-SP0
2022-10-10 16:40:37,472:INFO:Memory: svmem(total=16959000576, available=8691744768, percent=48.7, used=8267255808, free=8691744768)
2022-10-10 16:40:37,472:INFO:Physical Core: 4
2022-10-10 16:40:37,472:INFO:Logical Core: 8
2022-10-10 16:40:37,472:INFO:Checking libraries
2022-10-10 16:40:37,472:INFO:pd==1.4.2
2022-10-10 16:40:37,473:INFO:numpy==1.21.5
2022-10-10 16:40:37,473:INFO:sklearn==1.1.2
2022-10-10 16:40:37,559:INFO:xgboost==1.6.1
2022-10-10 16:40:37,559:INFO:lightgbm==3.3.2
2022-10-10 16:40:37,579:INFO:catboost==1.0.6
2022-10-10 16:40:38,181:INFO:mlflow==1.28.0
2022-10-10 16:40:38,181:INFO:Checking Exceptions
2022-10-10 16:40:38,182:INFO:Declaring global variables
2022-10-10 16:40:38,182:INFO:USI: d933
2022-10-10 16:40:38,182:INFO:pycaret_globals: {'imputation_classifier', 'X_train', 'data_before_preprocess', 'fix_imbalance_param', 'y_test', 'y_train', 'display_container', 'pycaret_globals', 'experiment__', 'X_test', 'fold_generator', 'X', 'master_model_container', 'create_model_container', 'fold_groups_param', 'html_param', 'logging_param', 'log_plots_param', 'y', 'USI', '_all_models_internal', 'transform_target_method_param', '_all_metrics', 'gpu_param', 'stratify_param', '_internal_pipeline', 'fix_imbalance_method_param', '_all_models', 'transform_target_param', 'fold_shuffle_param', 'exp_name_log', 'seed', '_gpu_n_jobs_param', 'prep_pipe', '_ml_usecase', 'target_param', 'fold_param', 'n_jobs_param', '_available_plots', 'imputation_regressor', 'iterative_imputation_iters_param'}
2022-10-10 16:40:38,182:INFO:Preparing display monitor
2022-10-10 16:40:38,182:INFO:Preparing display monitor
2022-10-10 16:40:38,191:INFO:Importing libraries
2022-10-10 16:40:38,191:INFO:Copying data for preprocessing
2022-10-10 16:40:38,196:INFO:Declaring preprocessing parameters
2022-10-10 16:40:38,197:INFO:Creating preprocessing pipeline
2022-10-10 16:40:38,199:INFO:Preprocessing pipeline created successfully
2022-10-10 16:40:38,199:ERROR:(Process Exit): setup has been interupted with user command 'quit'. setup must rerun.
2022-10-10 16:40:38,199:INFO:Creating global containers
2022-10-10 20:21:18,253:INFO:PyCaret Supervised Module
2022-10-10 20:21:18,253:INFO:ML Usecase: classification
2022-10-10 20:21:18,254:INFO:version 2.2.2
2022-10-10 20:21:18,254:INFO:Initializing setup()
2022-10-10 20:21:18,254:INFO:setup(target=Drug, ml_usecase=classification, available_plots={'parameter': 'Hyperparameters', 'auc': 'AUC', 'confusion_matrix': 'Confusion Matrix', 'threshold': 'Threshold', 'pr': 'Precision Recall', 'error': 'Prediction Error', 'class_report': 'Class Report', 'rfe': 'Feature Selection', 'learning': 'Learning Curve', 'manifold': 'Manifold Learning', 'calibration': 'Calibration Curve', 'vc': 'Validation Curve', 'dimension': 'Dimensions', 'feature': 'Feature Importance', 'feature_all': 'Feature Importance (All)', 'boundary': 'Decision Boundary', 'lift': 'Lift Chart', 'gain': 'Gain Chart', 'tree': 'Decision Tree'}, train_size=0.7, test_data=None, preprocess=True, imputation_type=simple, iterative_imputation_iters=5, categorical_features=None, categorical_imputation=constant, categorical_iterative_imputer=lightgbm, ordinal_features=None, high_cardinality_features=None, high_cardinality_method=frequency, numeric_features=None, numeric_imputation=mean, numeric_iterative_imputer=lightgbm, date_features=None, ignore_features=None, normalize=True, normalize_method=zscore, transformation=False, transformation_method=yeo-johnson, handle_unknown_categorical=True, unknown_categorical_method=least_frequent, pca=False, pca_method=linear, pca_components=None, ignore_low_variance=False, combine_rare_levels=False, rare_level_threshold=0.1, bin_numeric_features=None, remove_outliers=False, outliers_threshold=0.05, remove_multicollinearity=False, multicollinearity_threshold=0.9, remove_perfect_collinearity=True, create_clusters=False, cluster_iter=20, polynomial_features=False, polynomial_degree=2, trigonometry_features=False, polynomial_threshold=0.1, group_features=None, group_names=None, feature_selection=False, feature_selection_threshold=0.8, feature_selection_method=classic, feature_interaction=False, feature_ratio=False, interaction_threshold=0.01, fix_imbalance=False, fix_imbalance_method=None, transform_target=False, transform_target_method=box-cox, data_split_shuffle=True, data_split_stratify=False, fold_strategy=stratifiedkfold, fold=10, fold_shuffle=True, fold_groups=None, n_jobs=-1, use_gpu=False, custom_pipeline=None, html=True, session_id=1229, log_experiment=False, experiment_name=None, log_plots=False, log_profile=False, log_data=False, silent=False, verbose=True, profile=False, profile_kwargs=None, display=None)
2022-10-10 20:21:18,254:INFO:Checking environment
2022-10-10 20:21:18,254:INFO:python_version: 3.9.12
2022-10-10 20:21:18,254:INFO:python_build: ('main', 'Apr  4 2022 05:22:27')
2022-10-10 20:21:18,254:INFO:machine: AMD64
2022-10-10 20:21:18,254:INFO:platform: Windows-10-10.0.19044-SP0
2022-10-10 20:21:18,254:INFO:Memory: svmem(total=16959000576, available=8833335296, percent=47.9, used=8125665280, free=8833335296)
2022-10-10 20:21:18,254:INFO:Physical Core: 4
2022-10-10 20:21:18,255:INFO:Logical Core: 8
2022-10-10 20:21:18,255:INFO:Checking libraries
2022-10-10 20:21:18,255:INFO:pd==1.4.2
2022-10-10 20:21:18,255:INFO:numpy==1.21.5
2022-10-10 20:21:18,255:INFO:sklearn==1.1.2
2022-10-10 20:21:18,255:INFO:xgboost==1.6.1
2022-10-10 20:21:18,255:INFO:lightgbm==3.3.2
2022-10-10 20:21:18,255:INFO:catboost==1.0.6
2022-10-10 20:21:18,255:INFO:mlflow==1.28.0
2022-10-10 20:21:18,255:INFO:Checking Exceptions
2022-10-10 20:21:18,255:INFO:Declaring global variables
2022-10-10 20:21:18,255:INFO:USI: 3513
2022-10-10 20:21:18,255:INFO:pycaret_globals: {'imputation_classifier', 'X_train', 'data_before_preprocess', 'fix_imbalance_param', 'y_test', 'y_train', 'display_container', 'pycaret_globals', 'experiment__', 'X_test', 'fold_generator', 'X', 'master_model_container', 'create_model_container', 'fold_groups_param', 'html_param', 'logging_param', 'log_plots_param', 'y', 'USI', '_all_models_internal', 'transform_target_method_param', '_all_metrics', 'gpu_param', 'stratify_param', '_internal_pipeline', 'fix_imbalance_method_param', '_all_models', 'transform_target_param', 'fold_shuffle_param', 'exp_name_log', 'seed', '_gpu_n_jobs_param', 'prep_pipe', '_ml_usecase', 'target_param', 'fold_param', 'n_jobs_param', '_available_plots', 'imputation_regressor', 'iterative_imputation_iters_param'}
2022-10-10 20:21:18,255:INFO:Preparing display monitor
2022-10-10 20:21:18,255:INFO:Preparing display monitor
2022-10-10 20:21:18,265:INFO:Importing libraries
2022-10-10 20:21:18,265:INFO:Copying data for preprocessing
2022-10-10 20:21:18,271:INFO:Declaring preprocessing parameters
2022-10-10 20:21:18,271:INFO:Creating preprocessing pipeline
2022-10-10 20:21:18,273:INFO:Preprocessing pipeline created successfully
2022-10-10 20:21:18,273:ERROR:(Process Exit): setup has been interupted with user command 'quit'. setup must rerun.
2022-10-10 20:21:18,273:INFO:Creating global containers
2022-10-10 20:21:18,273:INFO:Internal pipeline: Pipeline(memory=None, steps=[('empty_step', 'passthrough')], verbose=False)
2022-10-10 20:21:23,816:INFO:Creating grid variables
2022-10-10 20:21:23,826:INFO:create_model_container: 0
2022-10-10 20:21:23,826:INFO:master_model_container: 0
2022-10-10 20:21:23,826:INFO:display_container: 0
2022-10-10 20:26:59,200:INFO:PyCaret Supervised Module
2022-10-10 20:26:59,200:INFO:ML Usecase: classification
2022-10-10 20:26:59,200:INFO:version 2.2.2
2022-10-10 20:26:59,200:INFO:Initializing setup()
2022-10-10 20:26:59,200:INFO:setup(target=Drug, ml_usecase=classification, available_plots={'parameter': 'Hyperparameters', 'auc': 'AUC', 'confusion_matrix': 'Confusion Matrix', 'threshold': 'Threshold', 'pr': 'Precision Recall', 'error': 'Prediction Error', 'class_report': 'Class Report', 'rfe': 'Feature Selection', 'learning': 'Learning Curve', 'manifold': 'Manifold Learning', 'calibration': 'Calibration Curve', 'vc': 'Validation Curve', 'dimension': 'Dimensions', 'feature': 'Feature Importance', 'feature_all': 'Feature Importance (All)', 'boundary': 'Decision Boundary', 'lift': 'Lift Chart', 'gain': 'Gain Chart', 'tree': 'Decision Tree'}, train_size=0.7, test_data=None, preprocess=True, imputation_type=simple, iterative_imputation_iters=5, categorical_features=None, categorical_imputation=constant, categorical_iterative_imputer=lightgbm, ordinal_features=None, high_cardinality_features=None, high_cardinality_method=frequency, numeric_features=None, numeric_imputation=mean, numeric_iterative_imputer=lightgbm, date_features=None, ignore_features=None, normalize=True, normalize_method=zscore, transformation=False, transformation_method=yeo-johnson, handle_unknown_categorical=True, unknown_categorical_method=least_frequent, pca=False, pca_method=linear, pca_components=None, ignore_low_variance=False, combine_rare_levels=False, rare_level_threshold=0.1, bin_numeric_features=None, remove_outliers=False, outliers_threshold=0.05, remove_multicollinearity=False, multicollinearity_threshold=0.9, remove_perfect_collinearity=True, create_clusters=False, cluster_iter=20, polynomial_features=False, polynomial_degree=2, trigonometry_features=False, polynomial_threshold=0.1, group_features=None, group_names=None, feature_selection=False, feature_selection_threshold=0.8, feature_selection_method=classic, feature_interaction=False, feature_ratio=False, interaction_threshold=0.01, fix_imbalance=False, fix_imbalance_method=None, transform_target=False, transform_target_method=box-cox, data_split_shuffle=True, data_split_stratify=False, fold_strategy=stratifiedkfold, fold=10, fold_shuffle=True, fold_groups=None, n_jobs=-1, use_gpu=False, custom_pipeline=None, html=True, session_id=1229, log_experiment=False, experiment_name=None, log_plots=False, log_profile=False, log_data=False, silent=False, verbose=True, profile=False, profile_kwargs=None, display=None)
2022-10-10 20:26:59,200:INFO:Checking environment
2022-10-10 20:26:59,201:INFO:python_version: 3.9.12
2022-10-10 20:26:59,201:INFO:python_build: ('main', 'Apr  4 2022 05:22:27')
2022-10-10 20:26:59,201:INFO:machine: AMD64
2022-10-10 20:26:59,201:INFO:platform: Windows-10-10.0.19044-SP0
2022-10-10 20:26:59,201:INFO:Memory: svmem(total=16959000576, available=8874668032, percent=47.7, used=8084332544, free=8874668032)
2022-10-10 20:26:59,201:INFO:Physical Core: 4
2022-10-10 20:26:59,201:INFO:Logical Core: 8
2022-10-10 20:26:59,201:INFO:Checking libraries
2022-10-10 20:26:59,202:INFO:pd==1.4.2
2022-10-10 20:26:59,202:INFO:numpy==1.21.5
2022-10-10 20:26:59,202:INFO:sklearn==1.1.2
2022-10-10 20:26:59,285:INFO:xgboost==1.6.1
2022-10-10 20:26:59,285:INFO:lightgbm==3.3.2
2022-10-10 20:26:59,497:INFO:catboost==1.0.6
2022-10-10 20:27:00,130:INFO:mlflow==1.28.0
2022-10-10 20:27:00,131:INFO:Checking Exceptions
2022-10-10 20:27:00,131:INFO:Declaring global variables
2022-10-10 20:27:00,131:INFO:USI: cfd0
2022-10-10 20:27:00,131:INFO:pycaret_globals: {'logging_param', 'prep_pipe', 'stratify_param', 'X_test', 'display_container', 'y_test', 'y', 'fix_imbalance_method_param', 'n_jobs_param', '_all_models_internal', 'fold_param', 'fold_groups_param', 'transform_target_param', '_ml_usecase', 'imputation_regressor', 'create_model_container', 'fix_imbalance_param', 'html_param', 'pycaret_globals', '_all_models', '_all_metrics', '_gpu_n_jobs_param', 'fold_shuffle_param', 'X', 'seed', 'transform_target_method_param', 'exp_name_log', 'gpu_param', 'data_before_preprocess', 'master_model_container', 'X_train', 'fold_generator', '_available_plots', 'log_plots_param', 'iterative_imputation_iters_param', 'imputation_classifier', '_internal_pipeline', 'y_train', 'experiment__', 'USI', 'target_param'}
2022-10-10 20:27:00,131:INFO:Preparing display monitor
2022-10-10 20:27:00,131:INFO:Preparing display monitor
2022-10-10 20:27:00,141:INFO:Importing libraries
2022-10-10 20:27:00,142:INFO:Copying data for preprocessing
2022-10-10 20:27:00,149:INFO:Declaring preprocessing parameters
2022-10-10 20:27:00,150:INFO:Creating preprocessing pipeline
2022-10-10 20:27:00,152:INFO:Preprocessing pipeline created successfully
2022-10-10 20:27:00,152:ERROR:(Process Exit): setup has been interupted with user command 'quit'. setup must rerun.
2022-10-10 20:27:00,152:INFO:Creating global containers
2022-10-10 20:27:00,152:INFO:Internal pipeline: Pipeline(memory=None, steps=[('empty_step', 'passthrough')], verbose=False)
2022-10-10 20:27:08,122:INFO:Creating grid variables
2022-10-10 20:27:08,130:INFO:create_model_container: 0
2022-10-10 20:27:08,130:INFO:master_model_container: 0
2022-10-10 20:27:08,131:INFO:display_container: 0
2022-10-10 20:28:33,954:INFO:PyCaret Supervised Module
2022-10-10 20:28:33,954:INFO:ML Usecase: classification
2022-10-10 20:28:33,954:INFO:version 2.2.2
2022-10-10 20:28:33,954:INFO:Initializing setup()
2022-10-10 20:28:33,954:INFO:setup(target=Drug, ml_usecase=classification, available_plots={'parameter': 'Hyperparameters', 'auc': 'AUC', 'confusion_matrix': 'Confusion Matrix', 'threshold': 'Threshold', 'pr': 'Precision Recall', 'error': 'Prediction Error', 'class_report': 'Class Report', 'rfe': 'Feature Selection', 'learning': 'Learning Curve', 'manifold': 'Manifold Learning', 'calibration': 'Calibration Curve', 'vc': 'Validation Curve', 'dimension': 'Dimensions', 'feature': 'Feature Importance', 'feature_all': 'Feature Importance (All)', 'boundary': 'Decision Boundary', 'lift': 'Lift Chart', 'gain': 'Gain Chart', 'tree': 'Decision Tree'}, train_size=0.7, test_data=None, preprocess=True, imputation_type=simple, iterative_imputation_iters=5, categorical_features=None, categorical_imputation=constant, categorical_iterative_imputer=lightgbm, ordinal_features=None, high_cardinality_features=None, high_cardinality_method=frequency, numeric_features=None, numeric_imputation=mean, numeric_iterative_imputer=lightgbm, date_features=None, ignore_features=None, normalize=False, normalize_method=zscore, transformation=False, transformation_method=yeo-johnson, handle_unknown_categorical=True, unknown_categorical_method=least_frequent, pca=False, pca_method=linear, pca_components=None, ignore_low_variance=False, combine_rare_levels=False, rare_level_threshold=0.1, bin_numeric_features=None, remove_outliers=False, outliers_threshold=0.05, remove_multicollinearity=False, multicollinearity_threshold=0.9, remove_perfect_collinearity=True, create_clusters=False, cluster_iter=20, polynomial_features=False, polynomial_degree=2, trigonometry_features=False, polynomial_threshold=0.1, group_features=None, group_names=None, feature_selection=False, feature_selection_threshold=0.8, feature_selection_method=classic, feature_interaction=False, feature_ratio=False, interaction_threshold=0.01, fix_imbalance=False, fix_imbalance_method=None, transform_target=False, transform_target_method=box-cox, data_split_shuffle=True, data_split_stratify=False, fold_strategy=stratifiedkfold, fold=10, fold_shuffle=False, fold_groups=None, n_jobs=-1, use_gpu=False, custom_pipeline=None, html=True, session_id=None, log_experiment=False, experiment_name=None, log_plots=False, log_profile=False, log_data=False, silent=False, verbose=True, profile=False, profile_kwargs=None, display=None)
2022-10-10 20:28:33,955:INFO:Checking environment
2022-10-10 20:28:33,955:INFO:python_version: 3.9.12
2022-10-10 20:28:33,955:INFO:python_build: ('main', 'Apr  4 2022 05:22:27')
2022-10-10 20:28:33,955:INFO:machine: AMD64
2022-10-10 20:28:33,955:INFO:platform: Windows-10-10.0.19044-SP0
2022-10-10 20:28:33,955:INFO:Memory: svmem(total=16959000576, available=8673136640, percent=48.9, used=8285863936, free=8673136640)
2022-10-10 20:28:33,955:INFO:Physical Core: 4
2022-10-10 20:28:33,955:INFO:Logical Core: 8
2022-10-10 20:28:33,955:INFO:Checking libraries
2022-10-10 20:28:33,955:INFO:pd==1.4.2
2022-10-10 20:28:33,955:INFO:numpy==1.21.5
2022-10-10 20:28:33,955:INFO:sklearn==1.1.2
2022-10-10 20:28:33,955:INFO:xgboost==1.6.1
2022-10-10 20:28:33,955:INFO:lightgbm==3.3.2
2022-10-10 20:28:33,955:INFO:catboost==1.0.6
2022-10-10 20:28:33,956:INFO:mlflow==1.28.0
2022-10-10 20:28:33,956:INFO:Checking Exceptions
2022-10-10 20:28:33,956:INFO:Declaring global variables
2022-10-10 20:28:33,956:INFO:USI: dfbe
2022-10-10 20:28:33,956:INFO:pycaret_globals: {'logging_param', 'prep_pipe', 'stratify_param', 'X_test', 'display_container', 'y_test', 'y', 'fix_imbalance_method_param', 'n_jobs_param', '_all_models_internal', 'fold_param', 'fold_groups_param', 'transform_target_param', '_ml_usecase', 'imputation_regressor', 'create_model_container', 'fix_imbalance_param', 'html_param', 'pycaret_globals', '_all_models', '_all_metrics', '_gpu_n_jobs_param', 'fold_shuffle_param', 'X', 'seed', 'transform_target_method_param', 'exp_name_log', 'gpu_param', 'data_before_preprocess', 'master_model_container', 'X_train', 'fold_generator', '_available_plots', 'log_plots_param', 'iterative_imputation_iters_param', 'imputation_classifier', '_internal_pipeline', 'y_train', 'experiment__', 'USI', 'target_param'}
2022-10-10 20:28:33,956:INFO:Preparing display monitor
2022-10-10 20:28:33,956:INFO:Preparing display monitor
2022-10-10 20:28:33,965:INFO:Importing libraries
2022-10-10 20:28:33,965:INFO:Copying data for preprocessing
2022-10-10 20:28:33,971:INFO:Declaring preprocessing parameters
2022-10-10 20:28:33,972:INFO:Creating preprocessing pipeline
2022-10-10 20:28:33,973:INFO:Preprocessing pipeline created successfully
2022-10-10 20:28:33,973:ERROR:(Process Exit): setup has been interupted with user command 'quit'. setup must rerun.
2022-10-10 20:28:33,974:INFO:Creating global containers
2022-10-10 20:30:36,648:INFO:PyCaret Supervised Module
2022-10-10 20:30:36,648:INFO:ML Usecase: classification
2022-10-10 20:30:36,648:INFO:version 2.2.2
2022-10-10 20:30:36,648:INFO:Initializing setup()
2022-10-10 20:30:36,648:INFO:setup(target=Drug, ml_usecase=classification, available_plots={'parameter': 'Hyperparameters', 'auc': 'AUC', 'confusion_matrix': 'Confusion Matrix', 'threshold': 'Threshold', 'pr': 'Precision Recall', 'error': 'Prediction Error', 'class_report': 'Class Report', 'rfe': 'Feature Selection', 'learning': 'Learning Curve', 'manifold': 'Manifold Learning', 'calibration': 'Calibration Curve', 'vc': 'Validation Curve', 'dimension': 'Dimensions', 'feature': 'Feature Importance', 'feature_all': 'Feature Importance (All)', 'boundary': 'Decision Boundary', 'lift': 'Lift Chart', 'gain': 'Gain Chart', 'tree': 'Decision Tree'}, train_size=0.7, test_data=None, preprocess=True, imputation_type=simple, iterative_imputation_iters=5, categorical_features=None, categorical_imputation=constant, categorical_iterative_imputer=lightgbm, ordinal_features=None, high_cardinality_features=None, high_cardinality_method=frequency, numeric_features=None, numeric_imputation=mean, numeric_iterative_imputer=lightgbm, date_features=None, ignore_features=None, normalize=False, normalize_method=zscore, transformation=False, transformation_method=yeo-johnson, handle_unknown_categorical=True, unknown_categorical_method=least_frequent, pca=False, pca_method=linear, pca_components=None, ignore_low_variance=False, combine_rare_levels=False, rare_level_threshold=0.1, bin_numeric_features=None, remove_outliers=False, outliers_threshold=0.05, remove_multicollinearity=False, multicollinearity_threshold=0.9, remove_perfect_collinearity=True, create_clusters=False, cluster_iter=20, polynomial_features=False, polynomial_degree=2, trigonometry_features=False, polynomial_threshold=0.1, group_features=None, group_names=None, feature_selection=False, feature_selection_threshold=0.8, feature_selection_method=classic, feature_interaction=False, feature_ratio=False, interaction_threshold=0.01, fix_imbalance=False, fix_imbalance_method=None, transform_target=False, transform_target_method=box-cox, data_split_shuffle=True, data_split_stratify=False, fold_strategy=stratifiedkfold, fold=10, fold_shuffle=False, fold_groups=None, n_jobs=-1, use_gpu=False, custom_pipeline=None, html=True, session_id=None, log_experiment=False, experiment_name=None, log_plots=False, log_profile=False, log_data=False, silent=False, verbose=True, profile=False, profile_kwargs=None, display=None)
2022-10-10 20:30:36,649:INFO:Checking environment
2022-10-10 20:30:36,649:INFO:python_version: 3.9.12
2022-10-10 20:30:36,649:INFO:python_build: ('main', 'Apr  4 2022 05:22:27')
2022-10-10 20:30:36,649:INFO:machine: AMD64
2022-10-10 20:30:36,649:INFO:platform: Windows-10-10.0.19044-SP0
2022-10-10 20:30:36,649:INFO:Memory: svmem(total=16959000576, available=8802492416, percent=48.1, used=8156508160, free=8802492416)
2022-10-10 20:30:36,649:INFO:Physical Core: 4
2022-10-10 20:30:36,649:INFO:Logical Core: 8
2022-10-10 20:30:36,649:INFO:Checking libraries
2022-10-10 20:30:36,649:INFO:pd==1.4.2
2022-10-10 20:30:36,649:INFO:numpy==1.21.5
2022-10-10 20:30:36,649:INFO:sklearn==1.1.2
2022-10-10 20:30:36,736:INFO:xgboost==1.6.1
2022-10-10 20:30:36,736:INFO:lightgbm==3.3.2
2022-10-10 20:30:36,755:INFO:catboost==1.0.6
2022-10-10 20:30:37,387:INFO:mlflow==1.28.0
2022-10-10 20:30:37,387:INFO:Checking Exceptions
2022-10-10 20:30:37,387:INFO:Declaring global variables
2022-10-10 20:30:37,387:INFO:USI: e8e8
2022-10-10 20:30:37,387:INFO:pycaret_globals: {'logging_param', 'X_test', 'pycaret_globals', 'imputation_classifier', '_internal_pipeline', 'experiment__', 'data_before_preprocess', '_ml_usecase', 'create_model_container', 'iterative_imputation_iters_param', 'fold_generator', '_all_models_internal', 'X', 'html_param', 'target_param', '_all_metrics', 'prep_pipe', '_available_plots', 'n_jobs_param', 'master_model_container', 'fix_imbalance_param', 'stratify_param', 'transform_target_method_param', 'X_train', 'log_plots_param', 'transform_target_param', 'USI', 'fold_groups_param', 'exp_name_log', 'display_container', 'gpu_param', 'fold_shuffle_param', 'seed', 'fix_imbalance_method_param', 'imputation_regressor', '_all_models', '_gpu_n_jobs_param', 'fold_param', 'y_test', 'y', 'y_train'}
2022-10-10 20:30:37,387:INFO:Preparing display monitor
2022-10-10 20:30:37,387:INFO:Preparing display monitor
2022-10-10 20:30:37,395:INFO:Importing libraries
2022-10-10 20:30:37,396:INFO:Copying data for preprocessing
2022-10-10 20:30:37,400:INFO:Declaring preprocessing parameters
2022-10-10 20:30:37,401:INFO:Creating preprocessing pipeline
2022-10-10 20:30:37,403:INFO:Preprocessing pipeline created successfully
2022-10-10 20:30:37,403:ERROR:(Process Exit): setup has been interupted with user command 'quit'. setup must rerun.
2022-10-10 20:30:37,403:INFO:Creating global containers
